
This GDB supports auto-downloading debuginfo from the following URLs:
  <https://debuginfod.archlinux.org>
Enable debuginfod for this session? (y or [n]) [answered N; input not from terminal]
Debuginfod has been disabled.
To make this setting permanent, add 'set debuginfod enabled off' to .gdbinit.
[Thread debugging using libthread_db enabled]
Using host libthread_db library "/usr/lib/libthread_db.so.1".
[Detaching after fork from child process 199624]
[Detaching after fork from child process 199759]
[Detaching after fork from child process 199798]
[Detaching after fork from child process 199936]
[Detaching after fork from child process 200218]
[Detaching after fork from child process 200301]
[Detaching after fork from child process 200336]
[Detaching after fork from child process 200420]
[Detaching after fork from child process 200502]
[Detaching after fork from child process 210552]
[Detaching after fork from child process 211131]
[Detaching after fork from child process 211256]
[Detaching after fork from child process 211278]
[Detaching after fork from child process 211378]
[Detaching after fork from child process 211461]
